2025-06-23 21:20:11,201 - semgrep.run_scan - DEBUG - semgrep version 1.4.0
2025-06-23 21:20:11,210 - semgrep.config_resolver - DEBUG - Loading local config from /home/runner/workspace/.config/.semgrep/semgrep_rules.json
2025-06-23 21:20:11,220 - semgrep.config_resolver - DEBUG - Done loading local config from /home/runner/workspace/.config/.semgrep/semgrep_rules.json
2025-06-23 21:20:11,225 - semgrep.config_resolver - DEBUG - Saving rules to /tmp/semgrep-04kbix3j.rules
2025-06-23 21:20:11,960 - semgrep.rule_lang - DEBUG - semgrep-core validation response: valid=True
2025-06-23 21:20:11,960 - semgrep.rule_lang - DEBUG - semgrep-core validation succeeded
2025-06-23 21:20:11,960 - semgrep.rule_lang - DEBUG - RPC validation succeeded
2025-06-23 21:20:11,961 - semgrep.config_resolver - DEBUG - loaded 1 configs in 0.7512152194976807
2025-06-23 21:20:12,064 - semgrep.run_scan - VERBOSE - running 714 rules from 1 config /home/runner/workspace/.config/.semgrep/semgrep_rules.json_0
2025-06-23 21:20:12,065 - semgrep.run_scan - VERBOSE - No .semgrepignore found. Using default .semgrepignore rules. See the docs for the list of default ignores: https://semgrep.dev/docs/cli-usage/#ignore-files
2025-06-23 21:20:12,067 - semgrep.run_scan - VERBOSE - Rules:
2025-06-23 21:20:12,067 - semgrep.run_scan - VERBOSE - <SKIPPED DATA (too many entries; use --max-log-list-entries)>
2025-06-23 21:20:12,682 - semgrep.core_runner - DEBUG - Passing whole rules directly to semgrep_core
2025-06-23 21:20:12,896 - semgrep.core_runner - DEBUG - Running Semgrep engine with command:
2025-06-23 21:20:12,897 - semgrep.core_runner - DEBUG - /tmp/_MEIO9v212/semgrep/bin/opengrep-core -json -rules /tmp/tmpynoy08er.json -j 8 -targets /tmp/tmp0xuj4cab -timeout 5 -timeout_threshold 3 -max_memory 0 -fast
2025-06-23 21:20:21,319 - semgrep.core_runner - DEBUG - --- semgrep-core stderr ---
[00.09][[34mINFO[0m]: Executed as: /tmp/_MEIO9v212/semgrep/bin/opengrep-core -json -rules /tmp/tmpynoy08er.json -j 8 -targets /tmp/tmp0xuj4cab -timeout 5 -timeout_threshold 3 -max_memory 0 -fast
[00.09][[34mINFO[0m]: Version: 1.4.0
[00.09][[34mINFO[0m]: Parsing rules in /tmp/tmpynoy08er.json
[00.57][[34mINFO[0m]: scan: processing 345 files (skipping 0), with 456 rules (skipping 0 )
[04.53][[33mWARNING[0m]: Fixpoint timeout while performing taint analysis [rule: config..semgrep.vendored-rules.javascript.express.security.injection.raw-html-format file: client/src/components/sections/Footer.tsx func: ???]
[0m--- end semgrep-core stderr ---
2025-06-23 21:20:21,326 - semgrep.rule_match - DEBUG - match_key = ('', PosixPath('client/index.html'), 'config..semgrep.vendored-rules.html.security.audit.missing-integrity') match_id = 0ee74fd49637bebe183eca7188dbde26e386314e62cc2e7ba1ee60b377b638243fcd84e6c6fa04886198ccacfa6a711bfbcc61a28f9ddc913d5b3c53083cbc90_0
2025-06-23 21:20:21,327 - semgrep.rule_match - DEBUG - match_key = (' type="text/javascript" src="https://replit.com/public/js/replit-dev-banner.js" (?is).*integrity= (google-analytics\\.com|fonts\\.googleapis\\.com|fonts\\.gstatic\\.com|googletagmanager\\.com) .*rel\\s*=\\s*[\'"]?preconnect.* href="... :// ..." href="//..." href=\'... :// ...\' href=\'//...\' src="... :// ..." src="//..." src=\'... :// ...\' src=\'//...\' <link  type="text/javascript" src="https://replit.com/public/js/replit-dev-banner.js" > <script  type="text/javascript" src="https://replit.com/public/js/replit-dev-banner.js" >...</script>', PosixPath('client/index.html'), 'config..semgrep.vendored-rules.html.security.audit.missing-integrity') match_id = 0728b64e224596592d04447ba8a642ff94e1fb9fcc07be26d49dc7e7f6898e638ad16ffcaca086932c58f4c6400fe32603323afef02cf9bfebcb0e4a53562a40_0
2025-06-23 21:20:21,328 - semgrep.rule_match - DEBUG - match_key = (' type="text/javascript" src="https://replit.com/public/js/replit-dev-banner.js" (?is).*integrity= (google-analytics\\.com|fonts\\.googleapis\\.com|fonts\\.gstatic\\.com|googletagmanager\\.com) .*rel\\s*=\\s*[\'"]?preconnect.* href="... :// ..." href="//..." href=\'... :// ...\' href=\'//...\' src="... :// ..." src="//..." src=\'... :// ...\' src=\'//...\' <link  type="text/javascript" src="https://replit.com/public/js/replit-dev-banner.js" > <script  type="text/javascript" src="https://replit.com/public/js/replit-dev-banner.js" >...</script>', PosixPath('client/index.html'), 'config..semgrep.vendored-rules.html.security.audit.missing-integrity') match_id = 0728b64e224596592d04447ba8a642ff94e1fb9fcc07be26d49dc7e7f6898e638ad16ffcaca086932c58f4c6400fe32603323afef02cf9bfebcb0e4a53562a40_0
2025-06-23 21:20:21,328 - semgrep.rule_match - DEBUG - match_key = (' type="text/javascript" src="https://replit.com/public/js/replit-dev-banner.js" (?is).*integrity= (google-analytics\\.com|fonts\\.googleapis\\.com|fonts\\.gstatic\\.com|googletagmanager\\.com) .*rel\\s*=\\s*[\'"]?preconnect.* href="... :// ..." href="//..." href=\'... :// ...\' href=\'//...\' src="... :// ..." src="//..." src=\'... :// ...\' src=\'//...\' <link  type="text/javascript" src="https://replit.com/public/js/replit-dev-banner.js" > <script  type="text/javascript" src="https://replit.com/public/js/replit-dev-banner.js" >...</script>', PosixPath('client/index.html'), 'config..semgrep.vendored-rules.html.security.audit.missing-integrity') match_id = 0728b64e224596592d04447ba8a642ff94e1fb9fcc07be26d49dc7e7f6898e638ad16ffcaca086932c58f4c6400fe32603323afef02cf9bfebcb0e4a53562a40_0
2025-06-23 21:20:21,329 - semgrep.rule_match - DEBUG - match_key = ('', PosixPath('client/src/lib/analytics.ts'), 'config..semgrep.vendored-rules.javascript.browser.security.insecure-innerhtml') match_id = b75d481af7a38df27b9a75e5044c9dc53e92fabeedc0075ef3cddf08f6d92256cb65de8aeba27fc254801df023f50441ca92c17791bdb24e4bfaede435a2461b_0
2025-06-23 21:20:21,330 - semgrep.rule_match - DEBUG - match_key = ('script2.innerHTML = "...";\n script2.innerHTML = ``\n    window.dataLayer = window.dataLayer || [];\n    function gtag(){dataLayer.push(arguments);}\n    gtag(\'js\', new Date());\n    gtag(\'config\', \'measurementId\');\n  `;\n', PosixPath('client/src/lib/analytics.ts'), 'config..semgrep.vendored-rules.javascript.browser.security.insecure-innerhtml') match_id = e2b825e92485b8fab4d94369731ea33ade64f6dddbb45d4fb81605c78710d3f1cc196c6e2d738de32e552a6e7f655f3a9c60b837d5f357593a9116253284577d_0
2025-06-23 21:20:21,330 - semgrep.rule_match - DEBUG - match_key = ('script2.innerHTML = "...";\n script2.innerHTML = ``\n    window.dataLayer = window.dataLayer || [];\n    function gtag(){dataLayer.push(arguments);}\n    gtag(\'js\', new Date());\n    gtag(\'config\', \'measurementId\');\n  `;\n', PosixPath('client/src/lib/analytics.ts'), 'config..semgrep.vendored-rules.javascript.browser.security.insecure-innerhtml') match_id = e2b825e92485b8fab4d94369731ea33ade64f6dddbb45d4fb81605c78710d3f1cc196c6e2d738de32e552a6e7f655f3a9c60b837d5f357593a9116253284577d_0
2025-06-23 21:20:21,331 - semgrep.rule_match - DEBUG - match_key = ('script2.innerHTML = "...";\n script2.innerHTML = ``\n    window.dataLayer = window.dataLayer || [];\n    function gtag(){dataLayer.push(arguments);}\n    gtag(\'js\', new Date());\n    gtag(\'config\', \'measurementId\');\n  `;\n', PosixPath('client/src/lib/analytics.ts'), 'config..semgrep.vendored-rules.javascript.browser.security.insecure-innerhtml') match_id = e2b825e92485b8fab4d94369731ea33ade64f6dddbb45d4fb81605c78710d3f1cc196c6e2d738de32e552a6e7f655f3a9c60b837d5f357593a9116253284577d_0
2025-06-23 21:20:21,331 - semgrep.rule_match - DEBUG - match_key = ('', PosixPath('client/src/lib/analytics.ts'), 'config..semgrep.vendored-rules.javascript.browser.security.insecure-document-method') match_id = 6bde05bc85533b16bb1f6840f2c90f0d3db751221dbe46793fb9aa8473e463560e65e9b4e93ec5799f1de73a4953c1e622bbf426bfe1b0a765ed88e1ad1b0178_0
2025-06-23 21:20:21,331 - semgrep.rule_match - DEBUG - match_key = ('script2.innerHTML = "...";\n script2.innerHTML = ``\n    window.dataLayer = window.dataLayer || [];\n    function gtag(){dataLayer.push(arguments);}\n    gtag(\'js\', new Date());\n    gtag(\'config\', \'measurementId\');\n  `;\n script2.outerHTML = ``\n    window.dataLayer = window.dataLayer || [];\n    function gtag(){dataLayer.push(arguments);}\n    gtag(\'js\', new Date());\n    gtag(\'config\', \'measurementId\');\n  `;\n document.write(...) script2.outerHTML = "...";\n document.write("...")', PosixPath('client/src/lib/analytics.ts'), 'config..semgrep.vendored-rules.javascript.browser.security.insecure-document-method') match_id = e2af78b1cb381856bee89a57acfb7550ad4638db58fb73ead4fa5f44923e896859bd2a9381c269e81c6026162efd700d392ec6f26ef9b614d001b180445baefc_0
2025-06-23 21:20:21,332 - semgrep.rule_match - DEBUG - match_key = ('script2.innerHTML = "...";\n script2.innerHTML = ``\n    window.dataLayer = window.dataLayer || [];\n    function gtag(){dataLayer.push(arguments);}\n    gtag(\'js\', new Date());\n    gtag(\'config\', \'measurementId\');\n  `;\n script2.outerHTML = ``\n    window.dataLayer = window.dataLayer || [];\n    function gtag(){dataLayer.push(arguments);}\n    gtag(\'js\', new Date());\n    gtag(\'config\', \'measurementId\');\n  `;\n document.write(...) script2.outerHTML = "...";\n document.write("...")', PosixPath('client/src/lib/analytics.ts'), 'config..semgrep.vendored-rules.javascript.browser.security.insecure-document-method') match_id = e2af78b1cb381856bee89a57acfb7550ad4638db58fb73ead4fa5f44923e896859bd2a9381c269e81c6026162efd700d392ec6f26ef9b614d001b180445baefc_0
2025-06-23 21:20:21,333 - semgrep.rule_match - DEBUG - match_key = ('script2.innerHTML = "...";\n script2.innerHTML = ``\n    window.dataLayer = window.dataLayer || [];\n    function gtag(){dataLayer.push(arguments);}\n    gtag(\'js\', new Date());\n    gtag(\'config\', \'measurementId\');\n  `;\n script2.outerHTML = ``\n    window.dataLayer = window.dataLayer || [];\n    function gtag(){dataLayer.push(arguments);}\n    gtag(\'js\', new Date());\n    gtag(\'config\', \'measurementId\');\n  `;\n document.write(...) script2.outerHTML = "...";\n document.write("...")', PosixPath('client/src/lib/analytics.ts'), 'config..semgrep.vendored-rules.javascript.browser.security.insecure-document-method') match_id = e2af78b1cb381856bee89a57acfb7550ad4638db58fb73ead4fa5f44923e896859bd2a9381c269e81c6026162efd700d392ec6f26ef9b614d001b180445baefc_0
2025-06-23 21:20:21,333 - semgrep.rule_match - DEBUG - match_key = ('', PosixPath('package.json'), 'config..semgrep.replit-rules.javascript.vite.security.audit.vite-vulnerability-check') match_id = a4e4b5dce58f34c9a1496689f4ee2efa0e67ebc4efa58d98fa1c3681eda9b6c475bc40ced4bc29c5d7b65d46ec30497fcaa721bd15ad973945b92cdfd84d35a6_0
2025-06-23 21:20:21,333 - semgrep.rule_match - DEBUG - match_key = ('"_shrinkwrap": {\n  ...\n} "dependencies": {\n  ...\n}\n "devDependencies": {\n  ...\n}\n "optionalDependencies": {\n  ...\n}\n "peerDependencies": {\n  ...\n}\n "vite"\\s*:\\s*"(latest|>=\\s*[0-6]\\.\\d+\\.\\d+)" "vite"\\s*:\\s*"[\\^~]?4\\.([0-4]\\.\\d+|5\\.[0-9])" "vite"\\s*:\\s*"[\\^~]?5\\.([0-3]\\.\\d+|4\\.(1[0-4]|[0-9]))" "vite"\\s*:\\s*"[\\^~]?6\\.0\\.(1[01]|[0-9])" "vite"\\s*:\\s*"[\\^~]?6\\.1\\.[01]" "vite"\\s*:\\s*"[\\^~]?6\\.2\\.[0-2]" "vite"\\s*:\\s*"\\^([0-4]\\.\\d+\\.\\d+|5\\.[0-3]\\.\\d+|5\\.4\\.(1[0-4]|[0-9])|6\\.0\\.(1[01]|[0-9])|6\\.1\\.[01]|6\\.2\\.[0-2])" "vite"\\s*:\\s*"~([0-4]\\.\\d+\\.\\d+|5\\.[0-3]\\.\\d+|5\\.4\\.(1[0-4]|[0-9])|6\\.0\\.(1[01]|[0-9])|6\\.1\\.[01]|6\\.2\\.[0-2])"', PosixPath('package.json'), 'config..semgrep.replit-rules.javascript.vite.security.audit.vite-vulnerability-check') match_id = 28eb374c3c740c790f5827e8a2209da8325485de4b8e9178600cafd6259681cb5e8fa9ebdb5fb1cf1d426e79a2585b7c333a923524b34abd54d5c492254b88bf_0
2025-06-23 21:20:21,334 - semgrep.rule_match - DEBUG - match_key = ('"_shrinkwrap": {\n  ...\n} "dependencies": {\n  ...\n}\n "devDependencies": {\n  ...\n}\n "optionalDependencies": {\n  ...\n}\n "peerDependencies": {\n  ...\n}\n "vite"\\s*:\\s*"(latest|>=\\s*[0-6]\\.\\d+\\.\\d+)" "vite"\\s*:\\s*"[\\^~]?4\\.([0-4]\\.\\d+|5\\.[0-9])" "vite"\\s*:\\s*"[\\^~]?5\\.([0-3]\\.\\d+|4\\.(1[0-4]|[0-9]))" "vite"\\s*:\\s*"[\\^~]?6\\.0\\.(1[01]|[0-9])" "vite"\\s*:\\s*"[\\^~]?6\\.1\\.[01]" "vite"\\s*:\\s*"[\\^~]?6\\.2\\.[0-2]" "vite"\\s*:\\s*"\\^([0-4]\\.\\d+\\.\\d+|5\\.[0-3]\\.\\d+|5\\.4\\.(1[0-4]|[0-9])|6\\.0\\.(1[01]|[0-9])|6\\.1\\.[01]|6\\.2\\.[0-2])" "vite"\\s*:\\s*"~([0-4]\\.\\d+\\.\\d+|5\\.[0-3]\\.\\d+|5\\.4\\.(1[0-4]|[0-9])|6\\.0\\.(1[01]|[0-9])|6\\.1\\.[01]|6\\.2\\.[0-2])"', PosixPath('package.json'), 'config..semgrep.replit-rules.javascript.vite.security.audit.vite-vulnerability-check') match_id = 28eb374c3c740c790f5827e8a2209da8325485de4b8e9178600cafd6259681cb5e8fa9ebdb5fb1cf1d426e79a2585b7c333a923524b34abd54d5c492254b88bf_0
2025-06-23 21:20:21,334 - semgrep.rule_match - DEBUG - match_key = ('"_shrinkwrap": {\n  ...\n} "dependencies": {\n  ...\n}\n "devDependencies": {\n  ...\n}\n "optionalDependencies": {\n  ...\n}\n "peerDependencies": {\n  ...\n}\n "vite"\\s*:\\s*"(latest|>=\\s*[0-6]\\.\\d+\\.\\d+)" "vite"\\s*:\\s*"[\\^~]?4\\.([0-4]\\.\\d+|5\\.[0-9])" "vite"\\s*:\\s*"[\\^~]?5\\.([0-3]\\.\\d+|4\\.(1[0-4]|[0-9]))" "vite"\\s*:\\s*"[\\^~]?6\\.0\\.(1[01]|[0-9])" "vite"\\s*:\\s*"[\\^~]?6\\.1\\.[01]" "vite"\\s*:\\s*"[\\^~]?6\\.2\\.[0-2]" "vite"\\s*:\\s*"\\^([0-4]\\.\\d+\\.\\d+|5\\.[0-3]\\.\\d+|5\\.4\\.(1[0-4]|[0-9])|6\\.0\\.(1[01]|[0-9])|6\\.1\\.[01]|6\\.2\\.[0-2])" "vite"\\s*:\\s*"~([0-4]\\.\\d+\\.\\d+|5\\.[0-3]\\.\\d+|5\\.4\\.(1[0-4]|[0-9])|6\\.0\\.(1[01]|[0-9])|6\\.1\\.[01]|6\\.2\\.[0-2])"', PosixPath('package.json'), 'config..semgrep.replit-rules.javascript.vite.security.audit.vite-vulnerability-check') match_id = 28eb374c3c740c790f5827e8a2209da8325485de4b8e9178600cafd6259681cb5e8fa9ebdb5fb1cf1d426e79a2585b7c333a923524b34abd54d5c492254b88bf_0
2025-06-23 21:20:21,337 - semgrep.core_runner - DEBUG - semgrep ran in 0:00:08.655215 on 124 files
2025-06-23 21:20:21,338 - semgrep.core_runner - DEBUG - findings summary: 1 warning, 3 error, 0 info
2025-06-23 21:20:21,341 - semgrep.app.auth - DEBUG - Getting API token from settings file
2025-06-23 21:20:21,341 - semgrep.app.auth - DEBUG - No API token found in settings file
2025-06-23 21:20:21,453 - semgrep.output - VERBOSE - 
========================================
Files skipped:
========================================

  Always skipped by Opengrep:

   • <none>

  Skipped by .gitignore:
  (Disable by passing --no-git-ignore)

   • <all files not listed by `git ls-files` were skipped>

  Skipped by .semgrepignore:
  - https://semgrep.dev/docs/ignoring-files-folders-code/#understand-semgrep-defaults

   • <none>

  Skipped by --include patterns:

   • <none>

  Skipped by --exclude patterns:

   • <none>

  Files skipped due to insufficient read permissions:

   • <none>

  Skipped by limiting to files smaller than 1000000 bytes:
  (Adjust with the --max-target-bytes flag)

   • .config/.semgrep/semgrep_rules.json
   • attached_assets/background_1750437485135.png
   • attached_assets/nawa-background.png

  Partially analyzed due to parsing or internal Opengrep errors

   • tailwind.config.ts (1 lines skipped)

2025-06-23 21:20:21,455 - semgrep.output - INFO - Some files were skipped or only partially analyzed.
  Scan was limited to files tracked by git.
  Partially scanned: 1 files only partially analyzed due to parsing or internal Opengrep errors
  Scan skipped: 3 files larger than 1.0 MB
  For a full list of skipped files, run opengrep with the --verbose flag.

Ran 437 rules on 124 files: 4 findings.
2025-06-23 21:20:21,456 - semgrep.app.version - DEBUG - Version cache does not exist
2025-06-23 21:20:21,472 - semgrep.metrics - VERBOSE - Not sending pseudonymous metrics since metrics are configured to OFF and registry usage is False
